[debug] [2025-10-07T10:41:08.819Z] ----------------------------------------------------------------------
[debug] [2025-10-07T10:41:08.822Z] Command:       C:\Program Files\nodejs\node.exe C:\Users\rafiu\AppData\Roaming\npm\node_modules\firebase-tools\lib\bin\firebase.js init
[debug] [2025-10-07T10:41:08.822Z] CLI Version:   14.17.0
[debug] [2025-10-07T10:41:08.822Z] Platform:      win32
[debug] [2025-10-07T10:41:08.822Z] Node Version:  v22.12.0
[debug] [2025-10-07T10:41:08.823Z] Time:          Tue Oct 07 2025 16:41:08 GMT+0600 (Bangladesh Standard Time)
[debug] [2025-10-07T10:41:08.823Z] ----------------------------------------------------------------------
[debug] 
[debug] [2025-10-07T10:41:08.825Z] >>> [apiv2][query] GET https://firebase-public.firebaseio.com/cli.json [none]
[debug] [2025-10-07T10:41:08.870Z] > command requires scopes: ["email","openid","https://www.googleapis.com/auth/cloudplatformprojects.readonly","https://www.googleapis.com/auth/firebase","https://www.googleapis.com/auth/cloud-platform"]
[debug] [2025-10-07T10:41:08.870Z] > authorizing via signed-in user (rafiulhaque672@gmail.com)
[info] 
     ######## #### ########  ######## ########     ###     ######  ########
     ##        ##  ##     ## ##       ##     ##  ##   ##  ##       ##
     ######    ##  ########  ######   ########  #########  ######  ######
     ##        ##  ##    ##  ##       ##     ## ##     ##       ## ##
     ##       #### ##     ## ######## ########  ##     ##  ######  ########

You're about to initialize a Firebase project in this directory:

  C:\Users\rafiu\OneDrive\PH\zzzzzz\Next Js Project\next-news-portal

[debug] [2025-10-07T10:41:10.087Z] <<< [apiv2][status] GET https://firebase-public.firebaseio.com/cli.json 200
[debug] [2025-10-07T10:41:10.087Z] <<< [apiv2][body] GET https://firebase-public.firebaseio.com/cli.json {"cloudBuildErrorAfter":1594252800000,"cloudBuildWarnAfter":1590019200000,"defaultNode10After":1594252800000,"minVersion":"3.0.5","node8DeploysDisabledAfter":1613390400000,"node8RuntimeDisabledAfter":1615809600000,"node8WarnAfter":1600128000000}
[info] 
=== Project Setup
[info] 
[info] First, let's associate this project directory with a Firebase project.
[info] You can create multiple project aliases by running firebase use --add, 
[info] but for now we'll just set up a default project.
[info] 
[info] i  If you want to create a project in a Google Cloud organization or folder, please use "firebase projects:create" instead, and return to this command when you've created the project. 
[debug] [2025-10-07T10:42:11.749Z] ExitPromptError: User force closed the prompt with SIGINT
    at Interface.sigint (C:\Users\rafiu\AppData\Roaming\npm\node_modules\firebase-tools\node_modules\@inquirer\core\dist\commonjs\lib\create-prompt.js:101:37)
    at Interface.emit (node:events:524:28)
    at Interface.emit (node:domain:489:12)
    at [_ttyWrite] [as _ttyWrite] (node:internal/readline/interface:1124:18)
    at ReadStream.onkeypress (node:internal/readline/interface:263:20)
    at ReadStream.emit (node:events:536:35)
    at ReadStream.emit (node:domain:489:12)
    at emitKeys (node:internal/readline/utils:370:14)
    at emitKeys.next (<anonymous>)
    at ReadStream.onData (node:internal/readline/emitKeypressEvents:64:36)
[error] 
[error] Error: An unexpected error has occurred.
